::1 - - [Wed, 24 Feb 2016 10:30:54 GMT] "GET / HTTP/1.1" 304 - "http://localhost:3000/u/%E5%BC%A0%E5%9B%BD%E9%87%91/2016_2_24/%E6%B5%B7%E8%B4%BC%E7%8E%8B" "Mozilla/5.0 (Windows NT 6.1; WOW64) AppleWebKit/537.36 (KHTML, like Gecko) Chrome/46.0.2490.86 Safari/537.36"
::1 - - [Wed, 24 Feb 2016 10:30:54 GMT] "GET /stylesheets/style.css HTTP/1.1" 304 - "http://localhost:3000/" "Mozilla/5.0 (Windows NT 6.1; WOW64) AppleWebKit/537.36 (KHTML, like Gecko) Chrome/46.0.2490.86 Safari/537.36"
::1 - - [Wed, 24 Feb 2016 10:31:02 GMT] "GET / HTTP/1.1" 304 - "http://localhost:3000/" "Mozilla/5.0 (Windows NT 6.1; WOW64) AppleWebKit/537.36 (KHTML, like Gecko) Chrome/46.0.2490.86 Safari/537.36"
::1 - - [Wed, 24 Feb 2016 10:31:02 GMT] "GET /stylesheets/style.css HTTP/1.1" 304 - "http://localhost:3000/" "Mozilla/5.0 (Windows NT 6.1; WOW64) AppleWebKit/537.36 (KHTML, like Gecko) Chrome/46.0.2490.86 Safari/537.36"
::1 - - [Wed, 24 Feb 2016 10:31:15 GMT] "GET /favicon.ico HTTP/1.1" 200 246 "http://localhost:3000/" "Mozilla/5.0 (Windows NT 6.1; WOW64) AppleWebKit/537.36 (KHTML, like Gecko) Chrome/46.0.2490.86 Safari/537.36"
::1 - - [Wed, 24 Feb 2016 10:31:29 GMT] "GET /u/%E7%8E%8B%E7%BB%B4/2016_2_24/[%E8%BD%AC%E8%BD%BD]%E6%B5%B7%E8%B4%BC%E7%8E%8B HTTP/1.1" 200 2897 "http://localhost:3000/" "Mozilla/5.0 (Windows NT 6.1; WOW64) AppleWebKit/537.36 (KHTML, like Gecko) Chrome/46.0.2490.86 Safari/537.36"
::1 - - [Wed, 24 Feb 2016 10:31:29 GMT] "GET /stylesheets/style.css HTTP/1.1" 304 - "http://localhost:3000/u/%E7%8E%8B%E7%BB%B4/2016_2_24/[%E8%BD%AC%E8%BD%BD]%E6%B5%B7%E8%B4%BC%E7%8E%8B" "Mozilla/5.0 (Windows NT 6.1; WOW64) AppleWebKit/537.36 (KHTML, like Gecko) Chrome/46.0.2490.86 Safari/537.36"
::1 - - [Wed, 24 Feb 2016 10:31:29 GMT] "GET /favicon.ico HTTP/1.1" 304 - "http://localhost:3000/u/%E7%8E%8B%E7%BB%B4/2016_2_24/[%E8%BD%AC%E8%BD%BD]%E6%B5%B7%E8%B4%BC%E7%8E%8B" "Mozilla/5.0 (Windows NT 6.1; WOW64) AppleWebKit/537.36 (KHTML, like Gecko) Chrome/46.0.2490.86 Safari/537.36"
::1 - - [Wed, 24 Feb 2016 10:31:34 GMT] "GET /u/%E5%BC%A0%E5%9B%BD%E9%87%91/2016_2_24/%E6%B5%B7%E8%B4%BC%E7%8E%8B HTTP/1.1" 200 2669 "http://localhost:3000/u/%E7%8E%8B%E7%BB%B4/2016_2_24/[%E8%BD%AC%E8%BD%BD]%E6%B5%B7%E8%B4%BC%E7%8E%8B" "Mozilla/5.0 (Windows NT 6.1; WOW64) AppleWebKit/537.36 (KHTML, like Gecko) Chrome/46.0.2490.86 Safari/537.36"
::1 - - [Wed, 24 Feb 2016 10:31:34 GMT] "GET /stylesheets/style.css HTTP/1.1" 304 - "http://localhost:3000/u/%E5%BC%A0%E5%9B%BD%E9%87%91/2016_2_24/%E6%B5%B7%E8%B4%BC%E7%8E%8B" "Mozilla/5.0 (Windows NT 6.1; WOW64) AppleWebKit/537.36 (KHTML, like Gecko) Chrome/46.0.2490.86 Safari/537.36"
::1 - - [Wed, 24 Feb 2016 10:31:34 GMT] "GET /favicon.ico HTTP/1.1" 304 - "http://localhost:3000/u/%E5%BC%A0%E5%9B%BD%E9%87%91/2016_2_24/%E6%B5%B7%E8%B4%BC%E7%8E%8B" "Mozilla/5.0 (Windows NT 6.1; WOW64) AppleWebKit/537.36 (KHTML, like Gecko) Chrome/46.0.2490.86 Safari/537.36"
::1 - - [Wed, 24 Feb 2016 10:52:33 GMT] "GET / HTTP/1.1" 200 4447 "http://localhost:3000/u/%E7%8E%8B%E7%BB%B4/2016_2_24/[%E8%BD%AC%E8%BD%BD]%E6%B5%B7%E8%B4%BC%E7%8E%8B" "Mozilla/5.0 (Windows NT 6.1; WOW64) AppleWebKit/537.36 (KHTML, like Gecko) Chrome/46.0.2490.86 Safari/537.36"
::1 - - [Wed, 24 Feb 2016 10:52:33 GMT] "GET /stylesheets/style.css HTTP/1.1" 304 - "http://localhost:3000/" "Mozilla/5.0 (Windows NT 6.1; WOW64) AppleWebKit/537.36 (KHTML, like Gecko) Chrome/46.0.2490.86 Safari/537.36"
::1 - - [Wed, 24 Feb 2016 10:52:37 GMT] "GET /u/%E7%8E%8B%E7%BB%B4/2016_2_24/[%E8%BD%AC%E8%BD%BD]%E6%B5%B7%E8%B4%BC%E7%8E%8B HTTP/1.1" 200 2897 "http://localhost:3000/" "Mozilla/5.0 (Windows NT 6.1; WOW64) AppleWebKit/537.36 (KHTML, like Gecko) Chrome/46.0.2490.86 Safari/537.36"
::1 - - [Wed, 24 Feb 2016 10:52:37 GMT] "GET /stylesheets/style.css HTTP/1.1" 304 - "http://localhost:3000/u/%E7%8E%8B%E7%BB%B4/2016_2_24/[%E8%BD%AC%E8%BD%BD]%E6%B5%B7%E8%B4%BC%E7%8E%8B" "Mozilla/5.0 (Windows NT 6.1; WOW64) AppleWebKit/537.36 (KHTML, like Gecko) Chrome/46.0.2490.86 Safari/537.36"
::1 - - [Wed, 24 Feb 2016 10:52:37 GMT] "GET /favicon.ico HTTP/1.1" 304 - "http://localhost:3000/u/%E7%8E%8B%E7%BB%B4/2016_2_24/[%E8%BD%AC%E8%BD%BD]%E6%B5%B7%E8%B4%BC%E7%8E%8B" "Mozilla/5.0 (Windows NT 6.1; WOW64) AppleWebKit/537.36 (KHTML, like Gecko) Chrome/46.0.2490.86 Safari/537.36"
::1 - - [Wed, 24 Feb 2016 10:52:40 GMT] "GET /u/%E5%BC%A0%E5%9B%BD%E9%87%91/2016_2_24/%E6%B5%B7%E8%B4%BC%E7%8E%8B HTTP/1.1" 200 2669 "http://localhost:3000/u/%E7%8E%8B%E7%BB%B4/2016_2_24/[%E8%BD%AC%E8%BD%BD]%E6%B5%B7%E8%B4%BC%E7%8E%8B" "Mozilla/5.0 (Windows NT 6.1; WOW64) AppleWebKit/537.36 (KHTML, like Gecko) Chrome/46.0.2490.86 Safari/537.36"
::1 - - [Wed, 24 Feb 2016 10:52:40 GMT] "GET /stylesheets/style.css HTTP/1.1" 304 - "http://localhost:3000/u/%E5%BC%A0%E5%9B%BD%E9%87%91/2016_2_24/%E6%B5%B7%E8%B4%BC%E7%8E%8B" "Mozilla/5.0 (Windows NT 6.1; WOW64) AppleWebKit/537.36 (KHTML, like Gecko) Chrome/46.0.2490.86 Safari/537.36"
::1 - - [Wed, 24 Feb 2016 10:52:40 GMT] "GET /favicon.ico HTTP/1.1" 304 - "http://localhost:3000/u/%E5%BC%A0%E5%9B%BD%E9%87%91/2016_2_24/%E6%B5%B7%E8%B4%BC%E7%8E%8B" "Mozilla/5.0 (Windows NT 6.1; WOW64) AppleWebKit/537.36 (KHTML, like Gecko) Chrome/46.0.2490.86 Safari/537.36"
::1 - - [Wed, 24 Feb 2016 10:52:42 GMT] "GET /tags/%E8%89%BE%E6%96%AF HTTP/1.1" 200 1416 "http://localhost:3000/u/%E5%BC%A0%E5%9B%BD%E9%87%91/2016_2_24/%E6%B5%B7%E8%B4%BC%E7%8E%8B" "Mozilla/5.0 (Windows NT 6.1; WOW64) AppleWebKit/537.36 (KHTML, like Gecko) Chrome/46.0.2490.86 Safari/537.36"
::1 - - [Wed, 24 Feb 2016 10:52:42 GMT] "GET /stylesheets/style.css HTTP/1.1" 304 - "http://localhost:3000/tags/%E8%89%BE%E6%96%AF" "Mozilla/5.0 (Windows NT 6.1; WOW64) AppleWebKit/537.36 (KHTML, like Gecko) Chrome/46.0.2490.86 Safari/537.36"
::1 - - [Wed, 24 Feb 2016 10:52:42 GMT] "GET /favicon.ico HTTP/1.1" 304 - "http://localhost:3000/tags/%E8%89%BE%E6%96%AF" "Mozilla/5.0 (Windows NT 6.1; WOW64) AppleWebKit/537.36 (KHTML, like Gecko) Chrome/46.0.2490.86 Safari/537.36"
::1 - - [Wed, 24 Feb 2016 10:52:43 GMT] "GET /u/%E7%8E%8B%E7%BB%B4/2016_2_24/[%E8%BD%AC%E8%BD%BD]%E6%B5%B7%E8%B4%BC%E7%8E%8B HTTP/1.1" 200 2897 "http://localhost:3000/tags/%E8%89%BE%E6%96%AF" "Mozilla/5.0 (Windows NT 6.1; WOW64) AppleWebKit/537.36 (KHTML, like Gecko) Chrome/46.0.2490.86 Safari/537.36"
::1 - - [Wed, 24 Feb 2016 10:52:43 GMT] "GET /stylesheets/style.css HTTP/1.1" 304 - "http://localhost:3000/u/%E7%8E%8B%E7%BB%B4/2016_2_24/[%E8%BD%AC%E8%BD%BD]%E6%B5%B7%E8%B4%BC%E7%8E%8B" "Mozilla/5.0 (Windows NT 6.1; WOW64) AppleWebKit/537.36 (KHTML, like Gecko) Chrome/46.0.2490.86 Safari/537.36"
::1 - - [Wed, 24 Feb 2016 10:52:43 GMT] "GET /favicon.ico HTTP/1.1" 304 - "http://localhost:3000/u/%E7%8E%8B%E7%BB%B4/2016_2_24/[%E8%BD%AC%E8%BD%BD]%E6%B5%B7%E8%B4%BC%E7%8E%8B" "Mozilla/5.0 (Windows NT 6.1; WOW64) AppleWebKit/537.36 (KHTML, like Gecko) Chrome/46.0.2490.86 Safari/537.36"
::1 - - [Wed, 24 Feb 2016 10:55:09 GMT] "GET /tags/%E8%89%BE%E6%96%AF HTTP/1.1" 304 - "http://localhost:3000/u/%E7%8E%8B%E7%BB%B4/2016_2_24/[%E8%BD%AC%E8%BD%BD]%E6%B5%B7%E8%B4%BC%E7%8E%8B" "Mozilla/5.0 (Windows NT 6.1; WOW64) AppleWebKit/537.36 (KHTML, like Gecko) Chrome/46.0.2490.86 Safari/537.36"
::1 - - [Wed, 24 Feb 2016 10:55:09 GMT] "GET /stylesheets/style.css HTTP/1.1" 304 - "http://localhost:3000/tags/%E8%89%BE%E6%96%AF" "Mozilla/5.0 (Windows NT 6.1; WOW64) AppleWebKit/537.36 (KHTML, like Gecko) Chrome/46.0.2490.86 Safari/537.36"
::1 - - [Wed, 24 Feb 2016 10:55:09 GMT] "GET /favicon.ico HTTP/1.1" 200 246 "http://localhost:3000/tags/%E8%89%BE%E6%96%AF" "Mozilla/5.0 (Windows NT 6.1; WOW64) AppleWebKit/537.36 (KHTML, like Gecko) Chrome/46.0.2490.86 Safari/537.36"
::1 - - [Wed, 24 Feb 2016 10:55:10 GMT] "GET /u/%E7%8E%8B%E7%BB%B4/2016_2_24/[%E8%BD%AC%E8%BD%BD]%E6%B5%B7%E8%B4%BC%E7%8E%8B HTTP/1.1" 200 2897 "http://localhost:3000/tags/%E8%89%BE%E6%96%AF" "Mozilla/5.0 (Windows NT 6.1; WOW64) AppleWebKit/537.36 (KHTML, like Gecko) Chrome/46.0.2490.86 Safari/537.36"
::1 - - [Wed, 24 Feb 2016 10:55:10 GMT] "GET /stylesheets/style.css HTTP/1.1" 304 - "http://localhost:3000/u/%E7%8E%8B%E7%BB%B4/2016_2_24/[%E8%BD%AC%E8%BD%BD]%E6%B5%B7%E8%B4%BC%E7%8E%8B" "Mozilla/5.0 (Windows NT 6.1; WOW64) AppleWebKit/537.36 (KHTML, like Gecko) Chrome/46.0.2490.86 Safari/537.36"
::1 - - [Wed, 24 Feb 2016 10:55:10 GMT] "GET /favicon.ico HTTP/1.1" 304 - "http://localhost:3000/u/%E7%8E%8B%E7%BB%B4/2016_2_24/[%E8%BD%AC%E8%BD%BD]%E6%B5%B7%E8%B4%BC%E7%8E%8B" "Mozilla/5.0 (Windows NT 6.1; WOW64) AppleWebKit/537.36 (KHTML, like Gecko) Chrome/46.0.2490.86 Safari/537.36"
